<?xml version="1.0" encoding="UTF-8"?>
<testng-results skipped="0" failed="0" ignored="0" total="1" passed="1">
  <reporter-output>
  </reporter-output>
  <suite name="testcases.TestCases" duration-ms="11105" started-at="2021-01-16T19:09:38Z" finished-at="2021-01-16T19:09:49Z">
    <groups>
    </groups>
    <test name="Command line test" duration-ms="11105" started-at="2021-01-16T19:09:38Z" finished-at="2021-01-16T19:09:49Z">
      <class name="testcases.TestCases">
        <test-method status="PASS" signature="test2()[pri:0, instance:testcases.TestCases@3f2a3a5]" name="test2" duration-ms="11061" started-at="2021-01-16T19:09:38Z" finished-at="2021-01-16T19:09:49Z">
          <reporter-output>
          </reporter-output>
        </test-method> <!-- test2 -->
      </class> <!-- testcases.TestCases -->
    </test> <!-- Command line test -->
  </suite> <!-- testcases.TestCases -->
</testng-results>
